Release 14.7 - xst P.20131013 (lin64)
Copyright (c) 1995-2013 Xilinx, Inc.  All rights reserved.
--> 
Parameter TMPDIR set to xst/projnav.tmp


Total REAL time to Xst completion: 0.00 secs
Total CPU time to Xst completion: 0.06 secs
 
--> 
Parameter xsthdpdir set to xst


Total REAL time to Xst completion: 0.00 secs
Total CPU time to Xst completion: 0.06 secs
 
--> 
Reading design: VGA_DRIVER_TOP.prj

TABLE OF CONTENTS
  1) Synthesis Options Summary
  2) HDL Compilation
  3) Design Hierarchy Analysis
  4) HDL Analysis
  5) HDL Synthesis
     5.1) HDL Synthesis Report
  6) Advanced HDL Synthesis
     6.1) Advanced HDL Synthesis Report
  7) Low Level Synthesis
  8) Partition Report
  9) Final Report
	9.1) Device utilization summary
	9.2) Partition Resource Summary
	9.3) TIMING REPORT


=========================================================================
*                      Synthesis Options Summary                        *
=========================================================================
---- Source Parameters
Input File Name                    : "VGA_DRIVER_TOP.prj"
Input Format                       : mixed
Ignore Synthesis Constraint File   : NO

---- Target Parameters
Output File Name                   : "VGA_DRIVER_TOP"
Output Format                      : NGC
Target Device                      : xc3s500e-5-fg320

---- Source Options
Top Module Name                    : VGA_DRIVER_TOP
Automatic FSM Extraction           : YES
FSM Encoding Algorithm             : Auto
Safe Implementation                : No
FSM Style                          : LUT
RAM Extraction                     : Yes
RAM Style                          : Auto
ROM Extraction                     : Yes
Mux Style                          : Auto
Decoder Extraction                 : YES
Priority Encoder Extraction        : Yes
Shift Register Extraction          : YES
Logical Shifter Extraction         : YES
XOR Collapsing                     : YES
ROM Style                          : Auto
Mux Extraction                     : Yes
Resource Sharing                   : YES
Asynchronous To Synchronous        : NO
Multiplier Style                   : Auto
Automatic Register Balancing       : No

---- Target Options
Add IO Buffers                     : YES
Global Maximum Fanout              : 500
Add Generic Clock Buffer(BUFG)     : 24
Register Duplication               : YES
Slice Packing                      : YES
Optimize Instantiated Primitives   : NO
Use Clock Enable                   : Yes
Use Synchronous Set                : Yes
Use Synchronous Reset              : Yes
Pack IO Registers into IOBs        : Auto
Equivalent register Removal        : YES

---- General Options
Optimization Goal                  : Speed
Optimization Effort                : 1
Keep Hierarchy                     : No
Netlist Hierarchy                  : As_Optimized
RTL Output                         : Yes
Global Optimization                : AllClockNets
Read Cores                         : YES
Write Timing Constraints           : NO
Cross Clock Analysis               : NO
Hierarchy Separator                : /
Bus Delimiter                      : <>
Case Specifier                     : Maintain
Slice Utilization Ratio            : 100
BRAM Utilization Ratio             : 100
Verilog 2001                       : YES
Auto BRAM Packing                  : NO
Slice Utilization Ratio Delta      : 5

=========================================================================


=========================================================================
*                          HDL Compilation                              *
=========================================================================
Compiling vhdl file "/home/amandaagnese/ld7_RG_EV/COUNTER_DIVIDER.vhd" in Library work.
Entity <COUNTER_DIVIDER> compiled.
Entity <COUNTER_DIVIDER> (Architecture <Behavioral>) compiled.
Compiling vhdl file "/home/amandaagnese/ld7_RG_EV/COUNTER.vhd" in Library work.
Entity <COUNTER> compiled.
Entity <COUNTER> (Architecture <Behavioral>) compiled.
Compiling vhdl file "/home/amandaagnese/ld7_RG_EV/VGA_DRIVER_TOP.vhd" in Library work.
Entity <VGA_DRIVER_TOP> compiled.
ERROR:HDLParsers:808 - "/home/amandaagnese/ld7_RG_EV/VGA_DRIVER_TOP.vhd" Line 108. /= can not have such operands in this context.
ERROR:HDLParsers:808 - "/home/amandaagnese/ld7_RG_EV/VGA_DRIVER_TOP.vhd" Line 117. /= can not have such operands in this context.
ERROR:HDLParsers:808 - "/home/amandaagnese/ld7_RG_EV/VGA_DRIVER_TOP.vhd" Line 126. = can not have such operands in this context.
ERROR:HDLParsers:808 - "/home/amandaagnese/ld7_RG_EV/VGA_DRIVER_TOP.vhd" Line 135. >= can not have such operands in this context.
ERROR:HDLParsers:808 - "/home/amandaagnese/ld7_RG_EV/VGA_DRIVER_TOP.vhd" Line 135. < can not have such operands in this context.
ERROR:HDLParsers:1402 - "/home/amandaagnese/ld7_RG_EV/VGA_DRIVER_TOP.vhd" Line 136. Object HSYNC of mode IN can not be updated.
ERROR:HDLParsers:1402 - "/home/amandaagnese/ld7_RG_EV/VGA_DRIVER_TOP.vhd" Line 138. Object HSYNC of mode IN can not be updated.
ERROR:HDLParsers:808 - "/home/amandaagnese/ld7_RG_EV/VGA_DRIVER_TOP.vhd" Line 144. >= can not have such operands in this context.
ERROR:HDLParsers:808 - "/home/amandaagnese/ld7_RG_EV/VGA_DRIVER_TOP.vhd" Line 144. < can not have such operands in this context.
ERROR:HDLParsers:1402 - "/home/amandaagnese/ld7_RG_EV/VGA_DRIVER_TOP.vhd" Line 145. Object VSYNC of mode IN can not be updated.
ERROR:HDLParsers:1402 - "/home/amandaagnese/ld7_RG_EV/VGA_DRIVER_TOP.vhd" Line 147. Object VSYNC of mode IN can not be updated.
ERROR:HDLParsers:808 - "/home/amandaagnese/ld7_RG_EV/VGA_DRIVER_TOP.vhd" Line 153. < can not have such operands in this context.
ERROR:HDLParsers:808 - "/home/amandaagnese/ld7_RG_EV/VGA_DRIVER_TOP.vhd" Line 153. < can not have such operands in this context.
ERROR:HDLParsers:3312 - "/home/amandaagnese/ld7_RG_EV/VGA_DRIVER_TOP.vhd" Line 166. Undefined symbol 'HSYNC_VAL_OUT'.
ERROR:HDLParsers:3312 - "/home/amandaagnese/ld7_RG_EV/VGA_DRIVER_TOP.vhd" Line 167. Undefined symbol 'VSYNC_VAL_OUT'.
--> 


Total memory usage is 493988 kilobytes

Number of errors   :   15 (   0 filtered)
Number of warnings :    0 (   0 filtered)
Number of infos    :    0 (   0 filtered)

