WARNING:coreutil:753 - Cannot create directory
   '/home/macbuntu/.Xilinx/CoreGen/14.7/indexes' in order to save the repository
   configuration.
INFO:sim:172 - Generating IP...
Resolving generics for 'ROM_GREEN'...
Applying external generics to 'ROM_GREEN'...
Delivering associated files for 'ROM_GREEN'...
Delivering EJava files for 'ROM_GREEN'...
Generating implementation netlist for 'ROM_GREEN'...
INFO:sim - Pre-processing HDL files for 'ROM_GREEN'...
Running synthesis for 'ROM_GREEN'
Running ngcbuild...
Writing VHO instantiation template for 'ROM_GREEN'...
Writing VHDL behavioral simulation model for 'ROM_GREEN'...
WARNING:sim - Overwriting existing file
   /media/sf_Ubuntu-Test/dip_ld7/ipcore_dir/tmp/_cg/ROM_GREEN/doc/dist_mem_gen_v
   7_2_vinfo.html with file from view xilinx_documentation
Delivered 2 files into directory
/media/sf_Ubuntu-Test/dip_ld7/ipcore_dir/tmp/_cg/ROM_GREEN
Generating ASY schematic symbol...
INFO:sim:949 - Finished generation of ASY schematic symbol.
Generating SYM schematic symbol for 'ROM_GREEN'...
Generating metadata file...
Generating ISE project file for 'ROM_GREEN'...
Generating ISE project...
XCO file found: ROM_GREEN.xco
XMDF file found: ROM_GREEN_xmdf.tcl
Adding /media/sf_Ubuntu-Test/dip_ld7/ipcore_dir/tmp/_cg/ROM_GREEN.asy -view all
-origin_type imported
Adding /media/sf_Ubuntu-Test/dip_ld7/ipcore_dir/tmp/_cg/ROM_GREEN.ngc -view all
-origin_type created
Checking file "/media/sf_Ubuntu-Test/dip_ld7/ipcore_dir/tmp/_cg/ROM_GREEN.ngc"
for project device match ...
File "/media/sf_Ubuntu-Test/dip_ld7/ipcore_dir/tmp/_cg/ROM_GREEN.ngc" device
information matches project device.
Adding /media/sf_Ubuntu-Test/dip_ld7/ipcore_dir/tmp/_cg/ROM_GREEN.sym -view all
-origin_type imported
Adding /media/sf_Ubuntu-Test/dip_ld7/ipcore_dir/tmp/_cg/ROM_GREEN.vhd -view all
-origin_type created
INFO:HDLCompiler:1061 - Parsing VHDL file
   "/media/sf_Ubuntu-Test/dip_ld7/ipcore_dir/tmp/_cg/ROM_GREEN.vhd" into library
   work
INFO:ProjectMgmt - Parsing design hierarchy completed successfully.
Adding /media/sf_Ubuntu-Test/dip_ld7/ipcore_dir/tmp/_cg/ROM_GREEN.vho -view all
-origin_type imported
INFO:TclTasksC:2116 - The automatic calculation of top has been turned-off.
   Please set the new top explicitly by running the "project set top" command.
   To re-calculate the new top automatically, set the "Auto Implementation Top"
   property to true.
Top level has been set to "/ROM_GREEN"
Generating README file...
Generating FLIST file...
INFO:sim:948 - Finished FLIST file generation.
Launching README viewer...
Moving files to output directory...
Finished moving files to output directory
Wrote CGP file for project 'ROM_GREEN'.
